<?xml version="1.0" encoding="UTF-8"?>
<!-- Generated by org.testng.reporters.JUnitReportReporter -->
<testsuite skipped="0" hostname="Rishi-Raj" name="com.cgcx.scripts.loginTest" tests="1" failures="0" timestamp="2020-02-21T23:39:22 IST" time="8.756" errors="0">
  <testcase name="login" time="8.756" classname="com.cgcx.scripts.loginTest"/>
</testsuite> <!-- com.cgcx.scripts.loginTest -->
